<?xml version="1.0" encoding="UTF-8"?>
<testsuite xmlns:xsi="http://www.w3.org/2001/XMLSchema-instance" xsi:noNamespaceSchemaLocation="https://maven.apache.org/surefire/maven-surefire-plugin/xsd/surefire-test-report.xsd" name="org.apache.zookeeper.common.BCFKSFileLoaderTest" time="20.954" tests="80" errors="16" skipped="0" failures="0">
  <properties>
    <property name="sun.desktop" value="windows"/>
    <property name="build.test.dir" value="D:\mysoft\faiscoGit\myStudy\DailyLearning\zookeeper\apache-zookeeper-3.7.0\zookeeper-server\target/surefire"/>
    <property name="awt.toolkit" value="sun.awt.windows.WToolkit"/>
    <property name="file.encoding.pkg" value="sun.io"/>
    <property name="java.specification.version" value="1.8"/>
    <property name="sun.cpu.isalist" value="amd64"/>
    <property name="sun.jnu.encoding" value="GBK"/>
    <property name="java.class.path" value="D:\mysoft\faiscoGit\myStudy\DailyLearning\zookeeper\apache-zookeeper-3.7.0\zookeeper-server\target\test-classes;D:\mysoft\faiscoGit\myStudy\DailyLearning\zookeeper\apache-zookeeper-3.7.0\zookeeper-server\target\classes;D:\mysoft\maven\repository\com\github\spotbugs\spotbugs-annotations\4.0.2\spotbugs-annotations-4.0.2.jar;D:\mysoft\maven\repository\com\google\code\findbugs\jsr305\3.0.2\jsr305-3.0.2.jar;D:\mysoft\maven\repository\org\hamcrest\hamcrest-library\2.2\hamcrest-library-2.2.jar;D:\mysoft\maven\repository\org\hamcrest\hamcrest-core\2.2\hamcrest-core-2.2.jar;D:\mysoft\maven\repository\org\hamcrest\hamcrest\2.2\hamcrest-2.2.jar;D:\mysoft\maven\repository\org\apache\commons\commons-collections4\4.4\commons-collections4-4.4.jar;D:\mysoft\faiscoGit\myStudy\DailyLearning\zookeeper\apache-zookeeper-3.7.0\zookeeper-jute\target\zookeeper-jute-3.7.0.jar;D:\mysoft\maven\repository\commons-cli\commons-cli\1.4\commons-cli-1.4.jar;D:\mysoft\maven\repository\org\apache\yetus\audience-annotations\0.12.0\audience-annotations-0.12.0.jar;D:\mysoft\maven\repository\io\netty\netty-handler\4.1.59.Final\netty-handler-4.1.59.Final.jar;D:\mysoft\maven\repository\io\netty\netty-common\4.1.59.Final\netty-common-4.1.59.Final.jar;D:\mysoft\maven\repository\io\netty\netty-resolver\4.1.59.Final\netty-resolver-4.1.59.Final.jar;D:\mysoft\maven\repository\io\netty\netty-buffer\4.1.59.Final\netty-buffer-4.1.59.Final.jar;D:\mysoft\maven\repository\io\netty\netty-transport\4.1.59.Final\netty-transport-4.1.59.Final.jar;D:\mysoft\maven\repository\io\netty\netty-codec\4.1.59.Final\netty-codec-4.1.59.Final.jar;D:\mysoft\maven\repository\io\netty\netty-transport-native-epoll\4.1.59.Final\netty-transport-native-epoll-4.1.59.Final.jar;D:\mysoft\maven\repository\io\netty\netty-transport-native-unix-common\4.1.59.Final\netty-transport-native-unix-common-4.1.59.Final.jar;D:\mysoft\maven\repository\org\slf4j\slf4j-api\1.7.30\slf4j-api-1.7.30.jar;D:\mysoft\maven\repository\org\slf4j\slf4j-log4j12\1.7.30\slf4j-log4j12-1.7.30.jar;D:\mysoft\maven\repository\org\eclipse\jetty\jetty-server\9.4.38.v20210224\jetty-server-9.4.38.v20210224.jar;D:\mysoft\maven\repository\javax\servlet\javax.servlet-api\3.1.0\javax.servlet-api-3.1.0.jar;D:\mysoft\maven\repository\org\eclipse\jetty\jetty-http\9.4.38.v20210224\jetty-http-9.4.38.v20210224.jar;D:\mysoft\maven\repository\org\eclipse\jetty\jetty-util\9.4.38.v20210224\jetty-util-9.4.38.v20210224.jar;D:\mysoft\maven\repository\org\eclipse\jetty\jetty-io\9.4.38.v20210224\jetty-io-9.4.38.v20210224.jar;D:\mysoft\maven\repository\org\eclipse\jetty\jetty-servlet\9.4.38.v20210224\jetty-servlet-9.4.38.v20210224.jar;D:\mysoft\maven\repository\org\eclipse\jetty\jetty-security\9.4.38.v20210224\jetty-security-9.4.38.v20210224.jar;D:\mysoft\maven\repository\org\eclipse\jetty\jetty-util-ajax\9.4.38.v20210224\jetty-util-ajax-9.4.38.v20210224.jar;D:\mysoft\maven\repository\org\eclipse\jetty\jetty-client\9.4.38.v20210224\jetty-client-9.4.38.v20210224.jar;D:\mysoft\maven\repository\com\fasterxml\jackson\core\jackson-databind\2.10.5.1\jackson-databind-2.10.5.1.jar;D:\mysoft\maven\repository\com\fasterxml\jackson\core\jackson-annotations\2.10.5\jackson-annotations-2.10.5.jar;D:\mysoft\maven\repository\com\fasterxml\jackson\core\jackson-core\2.10.5\jackson-core-2.10.5.jar;D:\mysoft\maven\repository\org\bouncycastle\bcprov-jdk15on\1.60\bcprov-jdk15on-1.60.jar;D:\mysoft\maven\repository\org\bouncycastle\bcpkix-jdk15on\1.60\bcpkix-jdk15on-1.60.jar;D:\mysoft\maven\repository\jline\jline\2.14.6\jline-2.14.6.jar;D:\mysoft\maven\repository\io\dropwizard\metrics\metrics-core\4.1.12.1\metrics-core-4.1.12.1.jar;D:\mysoft\maven\repository\log4j\log4j\1.2.17\log4j-1.2.17.jar;D:\mysoft\maven\repository\org\apache\kerby\kerb-core\2.0.0\kerb-core-2.0.0.jar;D:\mysoft\maven\repository\org\apache\kerby\kerby-pkix\2.0.0\kerby-pkix-2.0.0.jar;D:\mysoft\maven\repository\org\apache\kerby\kerby-asn1\2.0.0\kerby-asn1-2.0.0.jar;D:\mysoft\maven\repository\org\apache\kerby\kerby-util\2.0.0\kerby-util-2.0.0.jar;D:\mysoft\maven\repository\org\apache\kerby\kerb-simplekdc\2.0.0\kerb-simplekdc-2.0.0.jar;D:\mysoft\maven\repository\org\apache\kerby\kerb-client\2.0.0\kerb-client-2.0.0.jar;D:\mysoft\maven\repository\org\apache\kerby\kerb-common\2.0.0\kerb-common-2.0.0.jar;D:\mysoft\maven\repository\org\apache\kerby\kerb-crypto\2.0.0\kerb-crypto-2.0.0.jar;D:\mysoft\maven\repository\commons-io\commons-io\2.6\commons-io-2.6.jar;D:\mysoft\maven\repository\org\apache\kerby\kerb-util\2.0.0\kerb-util-2.0.0.jar;D:\mysoft\maven\repository\org\apache\kerby\token-provider\2.0.0\token-provider-2.0.0.jar;D:\mysoft\maven\repository\com\nimbusds\nimbus-jose-jwt\4.41.2\nimbus-jose-jwt-4.41.2.jar;D:\mysoft\maven\repository\com\github\stephenc\jcip\jcip-annotations\1.0-1\jcip-annotations-1.0-1.jar;D:\mysoft\maven\repository\net\minidev\json-smart\2.3\json-smart-2.3.jar;D:\mysoft\maven\repository\net\minidev\accessors-smart\1.2\accessors-smart-1.2.jar;D:\mysoft\maven\repository\org\ow2\asm\asm\5.0.4\asm-5.0.4.jar;D:\mysoft\maven\repository\org\apache\kerby\kerb-admin\2.0.0\kerb-admin-2.0.0.jar;D:\mysoft\maven\repository\org\apache\kerby\kerb-server\2.0.0\kerb-server-2.0.0.jar;D:\mysoft\maven\repository\org\apache\kerby\kerb-identity\2.0.0\kerb-identity-2.0.0.jar;D:\mysoft\maven\repository\org\apache\kerby\kerby-xdr\2.0.0\kerby-xdr-2.0.0.jar;D:\mysoft\maven\repository\org\apache\kerby\kerby-config\2.0.0\kerby-config-2.0.0.jar;D:\mysoft\maven\repository\org\mockito\mockito-core\3.6.28\mockito-core-3.6.28.jar;D:\mysoft\maven\repository\net\bytebuddy\byte-buddy\1.10.18\byte-buddy-1.10.18.jar;D:\mysoft\maven\repository\net\bytebuddy\byte-buddy-agent\1.10.18\byte-buddy-agent-1.10.18.jar;D:\mysoft\maven\repository\org\objenesis\objenesis\3.1\objenesis-3.1.jar;D:\mysoft\maven\repository\org\jmockit\jmockit\1.48\jmockit-1.48.jar;D:\mysoft\maven\repository\org\junit\jupiter\junit-jupiter-api\5.6.2\junit-jupiter-api-5.6.2.jar;D:\mysoft\maven\repository\org\apiguardian\apiguardian-api\1.1.0\apiguardian-api-1.1.0.jar;D:\mysoft\maven\repository\org\opentest4j\opentest4j\1.2.0\opentest4j-1.2.0.jar;D:\mysoft\maven\repository\org\junit\platform\junit-platform-commons\1.6.2\junit-platform-commons-1.6.2.jar;D:\mysoft\maven\repository\org\junit\jupiter\junit-jupiter-engine\5.6.2\junit-jupiter-engine-5.6.2.jar;D:\mysoft\maven\repository\org\junit\platform\junit-platform-engine\1.6.2\junit-platform-engine-1.6.2.jar;D:\mysoft\maven\repository\org\junit\jupiter\junit-jupiter-params\5.6.2\junit-jupiter-params-5.6.2.jar;D:\mysoft\maven\repository\org\junit\platform\junit-platform-runner\1.6.2\junit-platform-runner-1.6.2.jar;D:\mysoft\maven\repository\junit\junit\4.13\junit-4.13.jar;D:\mysoft\maven\repository\org\junit\platform\junit-platform-launcher\1.6.2\junit-platform-launcher-1.6.2.jar;D:\mysoft\maven\repository\org\junit\platform\junit-platform-suite-api\1.6.2\junit-platform-suite-api-1.6.2.jar;D:\mysoft\maven\repository\org\xerial\snappy\snappy-java\1.1.7.7\snappy-java-1.1.7.7.jar;"/>
    <property name="java.vm.vendor" value="Oracle Corporation"/>
    <property name="sun.arch.data.model" value="64"/>
    <property name="user.variant" value=""/>
    <property name="java.vendor.url" value="http://java.oracle.com/"/>
    <property name="user.timezone" value="Asia/Shanghai"/>
    <property name="java.vm.specification.version" value="1.8"/>
    <property name="os.name" value="Windows 8.1"/>
    <property name="user.country" value="CN"/>
    <property name="sun.java.launcher" value="SUN_STANDARD"/>
    <property name="sun.boot.library.path" value="C:\Program Files\Java\jdk1.8.0_31\jre\bin"/>
    <property name="sun.java.command" value="C:\Users\faisco\AppData\Local\Temp\surefire1199816053195570762\surefirebooter7610987277940782211.jar C:\Users\faisco\AppData\Local\Temp\surefire1199816053195570762 2022-03-29T10-47-12_960-jvmRun5 surefire5117620522216352850tmp surefire_127742067646342475539tmp"/>
    <property name="surefire.test.class.path" value="D:\mysoft\faiscoGit\myStudy\DailyLearning\zookeeper\apache-zookeeper-3.7.0\zookeeper-server\target\test-classes;D:\mysoft\faiscoGit\myStudy\DailyLearning\zookeeper\apache-zookeeper-3.7.0\zookeeper-server\target\classes;D:\mysoft\maven\repository\com\github\spotbugs\spotbugs-annotations\4.0.2\spotbugs-annotations-4.0.2.jar;D:\mysoft\maven\repository\com\google\code\findbugs\jsr305\3.0.2\jsr305-3.0.2.jar;D:\mysoft\maven\repository\org\hamcrest\hamcrest-library\2.2\hamcrest-library-2.2.jar;D:\mysoft\maven\repository\org\hamcrest\hamcrest-core\2.2\hamcrest-core-2.2.jar;D:\mysoft\maven\repository\org\hamcrest\hamcrest\2.2\hamcrest-2.2.jar;D:\mysoft\maven\repository\org\apache\commons\commons-collections4\4.4\commons-collections4-4.4.jar;D:\mysoft\faiscoGit\myStudy\DailyLearning\zookeeper\apache-zookeeper-3.7.0\zookeeper-jute\target\zookeeper-jute-3.7.0.jar;D:\mysoft\maven\repository\commons-cli\commons-cli\1.4\commons-cli-1.4.jar;D:\mysoft\maven\repository\org\apache\yetus\audience-annotations\0.12.0\audience-annotations-0.12.0.jar;D:\mysoft\maven\repository\io\netty\netty-handler\4.1.59.Final\netty-handler-4.1.59.Final.jar;D:\mysoft\maven\repository\io\netty\netty-common\4.1.59.Final\netty-common-4.1.59.Final.jar;D:\mysoft\maven\repository\io\netty\netty-resolver\4.1.59.Final\netty-resolver-4.1.59.Final.jar;D:\mysoft\maven\repository\io\netty\netty-buffer\4.1.59.Final\netty-buffer-4.1.59.Final.jar;D:\mysoft\maven\repository\io\netty\netty-transport\4.1.59.Final\netty-transport-4.1.59.Final.jar;D:\mysoft\maven\repository\io\netty\netty-codec\4.1.59.Final\netty-codec-4.1.59.Final.jar;D:\mysoft\maven\repository\io\netty\netty-transport-native-epoll\4.1.59.Final\netty-transport-native-epoll-4.1.59.Final.jar;D:\mysoft\maven\repository\io\netty\netty-transport-native-unix-common\4.1.59.Final\netty-transport-native-unix-common-4.1.59.Final.jar;D:\mysoft\maven\repository\org\slf4j\slf4j-api\1.7.30\slf4j-api-1.7.30.jar;D:\mysoft\maven\repository\org\slf4j\slf4j-log4j12\1.7.30\slf4j-log4j12-1.7.30.jar;D:\mysoft\maven\repository\org\eclipse\jetty\jetty-server\9.4.38.v20210224\jetty-server-9.4.38.v20210224.jar;D:\mysoft\maven\repository\javax\servlet\javax.servlet-api\3.1.0\javax.servlet-api-3.1.0.jar;D:\mysoft\maven\repository\org\eclipse\jetty\jetty-http\9.4.38.v20210224\jetty-http-9.4.38.v20210224.jar;D:\mysoft\maven\repository\org\eclipse\jetty\jetty-util\9.4.38.v20210224\jetty-util-9.4.38.v20210224.jar;D:\mysoft\maven\repository\org\eclipse\jetty\jetty-io\9.4.38.v20210224\jetty-io-9.4.38.v20210224.jar;D:\mysoft\maven\repository\org\eclipse\jetty\jetty-servlet\9.4.38.v20210224\jetty-servlet-9.4.38.v20210224.jar;D:\mysoft\maven\repository\org\eclipse\jetty\jetty-security\9.4.38.v20210224\jetty-security-9.4.38.v20210224.jar;D:\mysoft\maven\repository\org\eclipse\jetty\jetty-util-ajax\9.4.38.v20210224\jetty-util-ajax-9.4.38.v20210224.jar;D:\mysoft\maven\repository\org\eclipse\jetty\jetty-client\9.4.38.v20210224\jetty-client-9.4.38.v20210224.jar;D:\mysoft\maven\repository\com\fasterxml\jackson\core\jackson-databind\2.10.5.1\jackson-databind-2.10.5.1.jar;D:\mysoft\maven\repository\com\fasterxml\jackson\core\jackson-annotations\2.10.5\jackson-annotations-2.10.5.jar;D:\mysoft\maven\repository\com\fasterxml\jackson\core\jackson-core\2.10.5\jackson-core-2.10.5.jar;D:\mysoft\maven\repository\org\bouncycastle\bcprov-jdk15on\1.60\bcprov-jdk15on-1.60.jar;D:\mysoft\maven\repository\org\bouncycastle\bcpkix-jdk15on\1.60\bcpkix-jdk15on-1.60.jar;D:\mysoft\maven\repository\jline\jline\2.14.6\jline-2.14.6.jar;D:\mysoft\maven\repository\io\dropwizard\metrics\metrics-core\4.1.12.1\metrics-core-4.1.12.1.jar;D:\mysoft\maven\repository\log4j\log4j\1.2.17\log4j-1.2.17.jar;D:\mysoft\maven\repository\org\apache\kerby\kerb-core\2.0.0\kerb-core-2.0.0.jar;D:\mysoft\maven\repository\org\apache\kerby\kerby-pkix\2.0.0\kerby-pkix-2.0.0.jar;D:\mysoft\maven\repository\org\apache\kerby\kerby-asn1\2.0.0\kerby-asn1-2.0.0.jar;D:\mysoft\maven\repository\org\apache\kerby\kerby-util\2.0.0\kerby-util-2.0.0.jar;D:\mysoft\maven\repository\org\apache\kerby\kerb-simplekdc\2.0.0\kerb-simplekdc-2.0.0.jar;D:\mysoft\maven\repository\org\apache\kerby\kerb-client\2.0.0\kerb-client-2.0.0.jar;D:\mysoft\maven\repository\org\apache\kerby\kerb-common\2.0.0\kerb-common-2.0.0.jar;D:\mysoft\maven\repository\org\apache\kerby\kerb-crypto\2.0.0\kerb-crypto-2.0.0.jar;D:\mysoft\maven\repository\commons-io\commons-io\2.6\commons-io-2.6.jar;D:\mysoft\maven\repository\org\apache\kerby\kerb-util\2.0.0\kerb-util-2.0.0.jar;D:\mysoft\maven\repository\org\apache\kerby\token-provider\2.0.0\token-provider-2.0.0.jar;D:\mysoft\maven\repository\com\nimbusds\nimbus-jose-jwt\4.41.2\nimbus-jose-jwt-4.41.2.jar;D:\mysoft\maven\repository\com\github\stephenc\jcip\jcip-annotations\1.0-1\jcip-annotations-1.0-1.jar;D:\mysoft\maven\repository\net\minidev\json-smart\2.3\json-smart-2.3.jar;D:\mysoft\maven\repository\net\minidev\accessors-smart\1.2\accessors-smart-1.2.jar;D:\mysoft\maven\repository\org\ow2\asm\asm\5.0.4\asm-5.0.4.jar;D:\mysoft\maven\repository\org\apache\kerby\kerb-admin\2.0.0\kerb-admin-2.0.0.jar;D:\mysoft\maven\repository\org\apache\kerby\kerb-server\2.0.0\kerb-server-2.0.0.jar;D:\mysoft\maven\repository\org\apache\kerby\kerb-identity\2.0.0\kerb-identity-2.0.0.jar;D:\mysoft\maven\repository\org\apache\kerby\kerby-xdr\2.0.0\kerby-xdr-2.0.0.jar;D:\mysoft\maven\repository\org\apache\kerby\kerby-config\2.0.0\kerby-config-2.0.0.jar;D:\mysoft\maven\repository\org\mockito\mockito-core\3.6.28\mockito-core-3.6.28.jar;D:\mysoft\maven\repository\net\bytebuddy\byte-buddy\1.10.18\byte-buddy-1.10.18.jar;D:\mysoft\maven\repository\net\bytebuddy\byte-buddy-agent\1.10.18\byte-buddy-agent-1.10.18.jar;D:\mysoft\maven\repository\org\objenesis\objenesis\3.1\objenesis-3.1.jar;D:\mysoft\maven\repository\org\jmockit\jmockit\1.48\jmockit-1.48.jar;D:\mysoft\maven\repository\org\junit\jupiter\junit-jupiter-api\5.6.2\junit-jupiter-api-5.6.2.jar;D:\mysoft\maven\repository\org\apiguardian\apiguardian-api\1.1.0\apiguardian-api-1.1.0.jar;D:\mysoft\maven\repository\org\opentest4j\opentest4j\1.2.0\opentest4j-1.2.0.jar;D:\mysoft\maven\repository\org\junit\platform\junit-platform-commons\1.6.2\junit-platform-commons-1.6.2.jar;D:\mysoft\maven\repository\org\junit\jupiter\junit-jupiter-engine\5.6.2\junit-jupiter-engine-5.6.2.jar;D:\mysoft\maven\repository\org\junit\platform\junit-platform-engine\1.6.2\junit-platform-engine-1.6.2.jar;D:\mysoft\maven\repository\org\junit\jupiter\junit-jupiter-params\5.6.2\junit-jupiter-params-5.6.2.jar;D:\mysoft\maven\repository\org\junit\platform\junit-platform-runner\1.6.2\junit-platform-runner-1.6.2.jar;D:\mysoft\maven\repository\junit\junit\4.13\junit-4.13.jar;D:\mysoft\maven\repository\org\junit\platform\junit-platform-launcher\1.6.2\junit-platform-launcher-1.6.2.jar;D:\mysoft\maven\repository\org\junit\platform\junit-platform-suite-api\1.6.2\junit-platform-suite-api-1.6.2.jar;D:\mysoft\maven\repository\org\xerial\snappy\snappy-java\1.1.7.7\snappy-java-1.1.7.7.jar;"/>
    <property name="sun.cpu.endian" value="little"/>
    <property name="user.home" value="C:\Users\faisco"/>
    <property name="user.language" value="zh"/>
    <property name="java.specification.vendor" value="Oracle Corporation"/>
    <property name="java.home" value="C:\Program Files\Java\jdk1.8.0_31\jre"/>
    <property name="zookeeper.DigestAuthenticationProvider.superDigest" value="super:D/InIHSb7yEEbrWz8b9l71RjZJU="/>
    <property name="basedir" value="D:\mysoft\faiscoGit\myStudy\DailyLearning\zookeeper\apache-zookeeper-3.7.0\zookeeper-server"/>
    <property name="file.separator" value="\"/>
    <property name="line.separator" value="&#10;"/>
    <property name="java.vm.specification.vendor" value="Oracle Corporation"/>
    <property name="java.specification.name" value="Java Platform API Specification"/>
    <property name="java.awt.graphicsenv" value="sun.awt.Win32GraphicsEnvironment"/>
    <property name="test.junit.threads" value="8"/>
    <property name="surefire.real.class.path" value="C:\Users\faisco\AppData\Local\Temp\surefire1199816053195570762\surefirebooter7610987277940782211.jar;D:\mysoft\maven\repository\org\jmockit\jmockit\1.48\jmockit-1.48.jar"/>
    <property name="zookeeper.junit.threadid" value="5"/>
    <property name="sun.boot.class.path" value="C:\Program Files\Java\jdk1.8.0_31\jre\lib\resources.jar;C:\Program Files\Java\jdk1.8.0_31\jre\lib\rt.jar;C:\Program Files\Java\jdk1.8.0_31\jre\lib\sunrsasign.jar;C:\Program Files\Java\jdk1.8.0_31\jre\lib\jsse.jar;C:\Program Files\Java\jdk1.8.0_31\jre\lib\jce.jar;C:\Program Files\Java\jdk1.8.0_31\jre\lib\charsets.jar;C:\Program Files\Java\jdk1.8.0_31\jre\lib\jfr.jar;C:\Program Files\Java\jdk1.8.0_31\jre\classes"/>
    <property name="user.script" value=""/>
    <property name="sun.management.compiler" value="HotSpot 64-Bit Tiered Compilers"/>
    <property name="java.runtime.version" value="1.8.0_31-b13"/>
    <property name="user.name" value="faisco"/>
    <property name="path.separator" value=";"/>
    <property name="os.version" value="6.3"/>
    <property name="java.endorsed.dirs" value="C:\Program Files\Java\jdk1.8.0_31\jre\lib\endorsed"/>
    <property name="java.runtime.name" value="Java(TM) SE Runtime Environment"/>
    <property name="file.encoding" value="GBK"/>
    <property name="java.vm.name" value="Java HotSpot(TM) 64-Bit Server VM"/>
    <property name="idea.version2020.1" value="true"/>
    <property name="localRepository" value="D:\mysoft\maven\repository"/>
    <property name="java.vendor.url.bug" value="http://bugreport.sun.com/bugreport/"/>
    <property name="java.io.tmpdir" value="C:\Users\faisco\AppData\Local\Temp\"/>
    <property name="java.version" value="1.8.0_31"/>
    <property name="user.dir" value="D:\mysoft\faiscoGit\myStudy\DailyLearning\zookeeper\apache-zookeeper-3.7.0\zookeeper-server"/>
    <property name="os.arch" value="amd64"/>
    <property name="java.vm.specification.name" value="Java Virtual Machine Specification"/>
    <property name="java.awt.printerjob" value="sun.awt.windows.WPrinterJob"/>
    <property name="sun.os.patch.level" value=""/>
    <property name="java.library.path" value="C:\Program Files\Java\jdk1.8.0_31\jre\bin;C:\WINDOWS\Sun\Java\bin;C:\WINDOWS\system32;C:\WINDOWS;C:\Program Files\Java\jdk1.8.0_31\jre\bin;C:\Python39\Scripts\;C:\Python39\;C:\Python27\;C:\Python27\Scripts;C:\Program Files (x86)\Intel\Intel(R) Management Engine Components\iCLS\;C:\Program Files\Intel\Intel(R) Management Engine Components\iCLS\;C:\WINDOWS\system32;C:\WINDOWS;C:\WINDOWS\System32\Wbem;C:\WINDOWS\System32\WindowsPowerShell\v1.0\;C:\WINDOWS\System32\OpenSSH\;C:\Program Files (x86)\Intel\Intel(R) Management Engine Components\DAL;C:\Program Files\Intel\Intel(R) Management Engine Components\DAL;C:\Program Files\Java\jdk1.8.0_31\bin;D:\soft\Git\cmd;D:\mysoft\maven\apache-maven-3.6.1\bin;C:\ProgramData\chocolatey\bin;C:\Program Files\nodejs\;D:\mysoft\gradle-7.0\bin;C:\ProgramData\Oracle\Java\javapath;C:\Program Files\OpenVPN\bin;D:\soft\;C:\Users\faisco\AppData\Local\Microsoft\WindowsApps;;D:\soft\PyCharm Community Edition 2019.1.3\bin;;D:\soft\PyCharm 2019.2.3\bin;;C:\Users\faisco\AppData\Local\Microsoft\WindowsApps;C:\Program Files\JetBrains\IntelliJ IDEA 2020.1\bin;;C:\Program Files\JetBrains\IntelliJ IDEA Community Edition 2020.1.3\bin;;C:\Users\faisco\AppData\Roaming\npm;."/>
    <property name="junit.jupiter.extensions.autodetection.enabled" value="true"/>
    <property name="java.vm.info" value="mixed mode"/>
    <property name="java.vendor" value="Oracle Corporation"/>
    <property name="java.vm.version" value="25.31-b07"/>
    <property name="java.ext.dirs" value="C:\Program Files\Java\jdk1.8.0_31\jre\lib\ext;C:\WINDOWS\Sun\Java\lib\ext"/>
    <property name="sun.io.unicode.encoding" value="UnicodeLittle"/>
    <property name="java.class.version" value="52.0"/>
  </properties>
  <testcase name="testLoadKeyStoreWithNullFilePath{X509KeyType, X509KeyType, String, Integer}[1]" classname="org.apache.zookeeper.common.BCFKSFileLoaderTest" time="0.581"/>
  <testcase name="testLoadKeyStoreWithNullFilePath{X509KeyType, X509KeyType, String, Integer}[2]" classname="org.apache.zookeeper.common.BCFKSFileLoaderTest" time="1.118"/>
  <testcase name="testLoadKeyStoreWithNullFilePath{X509KeyType, X509KeyType, String, Integer}[3]" classname="org.apache.zookeeper.common.BCFKSFileLoaderTest" time="0.228"/>
  <testcase name="testLoadKeyStoreWithNullFilePath{X509KeyType, X509KeyType, String, Integer}[4]" classname="org.apache.zookeeper.common.BCFKSFileLoaderTest" time="0.392"/>
  <testcase name="testLoadKeyStoreWithNullFilePath{X509KeyType, X509KeyType, String, Integer}[5]" classname="org.apache.zookeeper.common.BCFKSFileLoaderTest" time="0.331"/>
  <testcase name="testLoadKeyStoreWithNullFilePath{X509KeyType, X509KeyType, String, Integer}[6]" classname="org.apache.zookeeper.common.BCFKSFileLoaderTest" time="0.234"/>
  <testcase name="testLoadKeyStoreWithNullFilePath{X509KeyType, X509KeyType, String, Integer}[7]" classname="org.apache.zookeeper.common.BCFKSFileLoaderTest" time="0.009"/>
  <testcase name="testLoadKeyStoreWithNullFilePath{X509KeyType, X509KeyType, String, Integer}[8]" classname="org.apache.zookeeper.common.BCFKSFileLoaderTest" time="0.008"/>
  <testcase name="testLoadKeyStoreWithWrongFilePath{X509KeyType, X509KeyType, String, Integer}[1]" classname="org.apache.zookeeper.common.BCFKSFileLoaderTest" time="0.914"/>
  <testcase name="testLoadKeyStoreWithWrongFilePath{X509KeyType, X509KeyType, String, Integer}[2]" classname="org.apache.zookeeper.common.BCFKSFileLoaderTest" time="0.294"/>
  <testcase name="testLoadKeyStoreWithWrongFilePath{X509KeyType, X509KeyType, String, Integer}[3]" classname="org.apache.zookeeper.common.BCFKSFileLoaderTest" time="0.272"/>
  <testcase name="testLoadKeyStoreWithWrongFilePath{X509KeyType, X509KeyType, String, Integer}[4]" classname="org.apache.zookeeper.common.BCFKSFileLoaderTest" time="0.244"/>
  <testcase name="testLoadKeyStoreWithWrongFilePath{X509KeyType, X509KeyType, String, Integer}[5]" classname="org.apache.zookeeper.common.BCFKSFileLoaderTest" time="0.324"/>
  <testcase name="testLoadKeyStoreWithWrongFilePath{X509KeyType, X509KeyType, String, Integer}[6]" classname="org.apache.zookeeper.common.BCFKSFileLoaderTest" time="0.227"/>
  <testcase name="testLoadKeyStoreWithWrongFilePath{X509KeyType, X509KeyType, String, Integer}[7]" classname="org.apache.zookeeper.common.BCFKSFileLoaderTest" time="0.231"/>
  <testcase name="testLoadKeyStoreWithWrongFilePath{X509KeyType, X509KeyType, String, Integer}[8]" classname="org.apache.zookeeper.common.BCFKSFileLoaderTest" time="0.27"/>
  <testcase name="testLoadKeyStoreWithWrongFileType{X509KeyType, X509KeyType, String, Integer}[1]" classname="org.apache.zookeeper.common.BCFKSFileLoaderTest" time="0.029"/>
  <testcase name="testLoadKeyStoreWithWrongFileType{X509KeyType, X509KeyType, String, Integer}[2]" classname="org.apache.zookeeper.common.BCFKSFileLoaderTest" time="0.326"/>
  <testcase name="testLoadKeyStoreWithWrongFileType{X509KeyType, X509KeyType, String, Integer}[3]" classname="org.apache.zookeeper.common.BCFKSFileLoaderTest" time="0.033"/>
  <testcase name="testLoadKeyStoreWithWrongFileType{X509KeyType, X509KeyType, String, Integer}[4]" classname="org.apache.zookeeper.common.BCFKSFileLoaderTest" time="0.004"/>
  <testcase name="testLoadKeyStoreWithWrongFileType{X509KeyType, X509KeyType, String, Integer}[5]" classname="org.apache.zookeeper.common.BCFKSFileLoaderTest" time="0.012"/>
  <testcase name="testLoadKeyStoreWithWrongFileType{X509KeyType, X509KeyType, String, Integer}[6]" classname="org.apache.zookeeper.common.BCFKSFileLoaderTest" time="0.014"/>
  <testcase name="testLoadKeyStoreWithWrongFileType{X509KeyType, X509KeyType, String, Integer}[7]" classname="org.apache.zookeeper.common.BCFKSFileLoaderTest" time="0.02"/>
  <testcase name="testLoadKeyStoreWithWrongFileType{X509KeyType, X509KeyType, String, Integer}[8]" classname="org.apache.zookeeper.common.BCFKSFileLoaderTest" time="0.006"/>
  <testcase name="testLoadKeyStore{X509KeyType, X509KeyType, String, Integer}[1]" classname="org.apache.zookeeper.common.BCFKSFileLoaderTest" time="0.371">
    <error message="org.bouncycastle.jcajce.provider.keystore.bcfks.BcFKSKeyStoreSpi$ExtKeyStoreException: BCFKS KeyStore exception storing private key: java.security.InvalidKeyException: Illegal key size or default parameters" type="java.io.IOException">java.io.IOException: org.bouncycastle.jcajce.provider.keystore.bcfks.BcFKSKeyStoreSpi$ExtKeyStoreException: BCFKS KeyStore exception storing private key: java.security.InvalidKeyException: Illegal key size or default parameters
	at org.apache.zookeeper.common.X509TestContext.getKeyStoreBcfksFile(X509TestContext.java:340)
	at org.apache.zookeeper.common.X509TestContext.getKeyStoreFile(X509TestContext.java:274)
	at org.apache.zookeeper.common.BCFKSFileLoaderTest.testLoadKeyStore(BCFKSFileLoaderTest.java:37)
Caused by: org.bouncycastle.jcajce.provider.keystore.bcfks.BcFKSKeyStoreSpi$ExtKeyStoreException: BCFKS KeyStore exception storing private key: java.security.InvalidKeyException: Illegal key size or default parameters
	at java.security.KeyStore.setKeyEntry(KeyStore.java:1128)
	at org.apache.zookeeper.common.X509TestHelpers.certAndPrivateKeyToBytes(X509TestHelpers.java:415)
	at org.apache.zookeeper.common.X509TestHelpers.certAndPrivateKeyToBCFKSBytes(X509TestHelpers.java:408)
	at org.apache.zookeeper.common.X509TestContext.getKeyStoreBcfksFile(X509TestContext.java:335)
	... 2 more
Caused by: java.security.InvalidKeyException: Illegal key size or default parameters
	at javax.crypto.Cipher.checkCryptoPerm(Cipher.java:1021)
	at javax.crypto.Cipher.init(Cipher.java:1225)
	at javax.crypto.Cipher.init(Cipher.java:1166)
	... 6 more
</error>
    <system-out><![CDATA[2022-03-29 10:47:43,867 [myid:] - INFO  [main:ZKTestCase@77] - STARTING Optional[public void org.apache.zookeeper.common.BCFKSFileLoaderTest.testLoadKeyStore(org.apache.zookeeper.common.X509KeyType,org.apache.zookeeper.common.X509KeyType,java.lang.String,java.lang.Integer) throws java.lang.Exception]
2022-03-29 10:47:44,233 [myid:] - INFO  [main:ZKTestCase@82] - FINISHED Optional[public void org.apache.zookeeper.common.BCFKSFileLoaderTest.testLoadKeyStore(org.apache.zookeeper.common.X509KeyType,org.apache.zookeeper.common.X509KeyType,java.lang.String,java.lang.Integer) throws java.lang.Exception]
]]></system-out>
  </testcase>
  <testcase name="testLoadKeyStore{X509KeyType, X509KeyType, String, Integer}[2]" classname="org.apache.zookeeper.common.BCFKSFileLoaderTest" time="0.449">
    <error message="org.bouncycastle.jcajce.provider.keystore.bcfks.BcFKSKeyStoreSpi$ExtKeyStoreException: BCFKS KeyStore exception storing private key: java.security.InvalidKeyException: Illegal key size or default parameters" type="java.io.IOException">java.io.IOException: org.bouncycastle.jcajce.provider.keystore.bcfks.BcFKSKeyStoreSpi$ExtKeyStoreException: BCFKS KeyStore exception storing private key: java.security.InvalidKeyException: Illegal key size or default parameters
	at org.apache.zookeeper.common.X509TestContext.getKeyStoreBcfksFile(X509TestContext.java:340)
	at org.apache.zookeeper.common.X509TestContext.getKeyStoreFile(X509TestContext.java:274)
	at org.apache.zookeeper.common.BCFKSFileLoaderTest.testLoadKeyStore(BCFKSFileLoaderTest.java:37)
Caused by: org.bouncycastle.jcajce.provider.keystore.bcfks.BcFKSKeyStoreSpi$ExtKeyStoreException: BCFKS KeyStore exception storing private key: java.security.InvalidKeyException: Illegal key size or default parameters
	at java.security.KeyStore.setKeyEntry(KeyStore.java:1128)
	at org.apache.zookeeper.common.X509TestHelpers.certAndPrivateKeyToBytes(X509TestHelpers.java:415)
	at org.apache.zookeeper.common.X509TestHelpers.certAndPrivateKeyToBCFKSBytes(X509TestHelpers.java:408)
	at org.apache.zookeeper.common.X509TestContext.getKeyStoreBcfksFile(X509TestContext.java:335)
	... 2 more
Caused by: java.security.InvalidKeyException: Illegal key size or default parameters
	at javax.crypto.Cipher.checkCryptoPerm(Cipher.java:1021)
	at javax.crypto.Cipher.init(Cipher.java:1225)
	at javax.crypto.Cipher.init(Cipher.java:1166)
	... 6 more
</error>
    <system-out><![CDATA[2022-03-29 10:47:44,239 [myid:] - INFO  [main:ZKTestCase@77] - STARTING Optional[public void org.apache.zookeeper.common.BCFKSFileLoaderTest.testLoadKeyStore(org.apache.zookeeper.common.X509KeyType,org.apache.zookeeper.common.X509KeyType,java.lang.String,java.lang.Integer) throws java.lang.Exception]
2022-03-29 10:47:44,685 [myid:] - INFO  [main:ZKTestCase@82] - FINISHED Optional[public void org.apache.zookeeper.common.BCFKSFileLoaderTest.testLoadKeyStore(org.apache.zookeeper.common.X509KeyType,org.apache.zookeeper.common.X509KeyType,java.lang.String,java.lang.Integer) throws java.lang.Exception]
]]></system-out>
  </testcase>
  <testcase name="testLoadKeyStore{X509KeyType, X509KeyType, String, Integer}[3]" classname="org.apache.zookeeper.common.BCFKSFileLoaderTest" time="0.465">
    <error message="org.bouncycastle.jcajce.provider.keystore.bcfks.BcFKSKeyStoreSpi$ExtKeyStoreException: BCFKS KeyStore exception storing private key: java.security.InvalidKeyException: Illegal key size or default parameters" type="java.io.IOException">java.io.IOException: org.bouncycastle.jcajce.provider.keystore.bcfks.BcFKSKeyStoreSpi$ExtKeyStoreException: BCFKS KeyStore exception storing private key: java.security.InvalidKeyException: Illegal key size or default parameters
	at org.apache.zookeeper.common.X509TestContext.getKeyStoreBcfksFile(X509TestContext.java:340)
	at org.apache.zookeeper.common.X509TestContext.getKeyStoreFile(X509TestContext.java:274)
	at org.apache.zookeeper.common.BCFKSFileLoaderTest.testLoadKeyStore(BCFKSFileLoaderTest.java:37)
Caused by: org.bouncycastle.jcajce.provider.keystore.bcfks.BcFKSKeyStoreSpi$ExtKeyStoreException: BCFKS KeyStore exception storing private key: java.security.InvalidKeyException: Illegal key size or default parameters
	at java.security.KeyStore.setKeyEntry(KeyStore.java:1128)
	at org.apache.zookeeper.common.X509TestHelpers.certAndPrivateKeyToBytes(X509TestHelpers.java:415)
	at org.apache.zookeeper.common.X509TestHelpers.certAndPrivateKeyToBCFKSBytes(X509TestHelpers.java:408)
	at org.apache.zookeeper.common.X509TestContext.getKeyStoreBcfksFile(X509TestContext.java:335)
	... 2 more
Caused by: java.security.InvalidKeyException: Illegal key size or default parameters
	at javax.crypto.Cipher.checkCryptoPerm(Cipher.java:1021)
	at javax.crypto.Cipher.init(Cipher.java:1225)
	at javax.crypto.Cipher.init(Cipher.java:1166)
	... 6 more
</error>
    <system-out><![CDATA[2022-03-29 10:47:44,687 [myid:] - INFO  [main:ZKTestCase@77] - STARTING Optional[public void org.apache.zookeeper.common.BCFKSFileLoaderTest.testLoadKeyStore(org.apache.zookeeper.common.X509KeyType,org.apache.zookeeper.common.X509KeyType,java.lang.String,java.lang.Integer) throws java.lang.Exception]
2022-03-29 10:47:45,151 [myid:] - INFO  [main:ZKTestCase@82] - FINISHED Optional[public void org.apache.zookeeper.common.BCFKSFileLoaderTest.testLoadKeyStore(org.apache.zookeeper.common.X509KeyType,org.apache.zookeeper.common.X509KeyType,java.lang.String,java.lang.Integer) throws java.lang.Exception]
]]></system-out>
  </testcase>
  <testcase name="testLoadKeyStore{X509KeyType, X509KeyType, String, Integer}[4]" classname="org.apache.zookeeper.common.BCFKSFileLoaderTest" time="0.29">
    <error message="org.bouncycastle.jcajce.provider.keystore.bcfks.BcFKSKeyStoreSpi$ExtKeyStoreException: BCFKS KeyStore exception storing private key: java.security.InvalidKeyException: Illegal key size or default parameters" type="java.io.IOException">java.io.IOException: org.bouncycastle.jcajce.provider.keystore.bcfks.BcFKSKeyStoreSpi$ExtKeyStoreException: BCFKS KeyStore exception storing private key: java.security.InvalidKeyException: Illegal key size or default parameters
	at org.apache.zookeeper.common.X509TestContext.getKeyStoreBcfksFile(X509TestContext.java:340)
	at org.apache.zookeeper.common.X509TestContext.getKeyStoreFile(X509TestContext.java:274)
	at org.apache.zookeeper.common.BCFKSFileLoaderTest.testLoadKeyStore(BCFKSFileLoaderTest.java:37)
Caused by: org.bouncycastle.jcajce.provider.keystore.bcfks.BcFKSKeyStoreSpi$ExtKeyStoreException: BCFKS KeyStore exception storing private key: java.security.InvalidKeyException: Illegal key size or default parameters
	at java.security.KeyStore.setKeyEntry(KeyStore.java:1128)
	at org.apache.zookeeper.common.X509TestHelpers.certAndPrivateKeyToBytes(X509TestHelpers.java:415)
	at org.apache.zookeeper.common.X509TestHelpers.certAndPrivateKeyToBCFKSBytes(X509TestHelpers.java:408)
	at org.apache.zookeeper.common.X509TestContext.getKeyStoreBcfksFile(X509TestContext.java:335)
	... 2 more
Caused by: java.security.InvalidKeyException: Illegal key size or default parameters
	at javax.crypto.Cipher.checkCryptoPerm(Cipher.java:1021)
	at javax.crypto.Cipher.init(Cipher.java:1225)
	at javax.crypto.Cipher.init(Cipher.java:1166)
	... 6 more
</error>
    <system-out><![CDATA[2022-03-29 10:47:45,155 [myid:] - INFO  [main:ZKTestCase@77] - STARTING Optional[public void org.apache.zookeeper.common.BCFKSFileLoaderTest.testLoadKeyStore(org.apache.zookeeper.common.X509KeyType,org.apache.zookeeper.common.X509KeyType,java.lang.String,java.lang.Integer) throws java.lang.Exception]
2022-03-29 10:47:45,444 [myid:] - INFO  [main:ZKTestCase@82] - FINISHED Optional[public void org.apache.zookeeper.common.BCFKSFileLoaderTest.testLoadKeyStore(org.apache.zookeeper.common.X509KeyType,org.apache.zookeeper.common.X509KeyType,java.lang.String,java.lang.Integer) throws java.lang.Exception]
]]></system-out>
  </testcase>
  <testcase name="testLoadKeyStore{X509KeyType, X509KeyType, String, Integer}[5]" classname="org.apache.zookeeper.common.BCFKSFileLoaderTest" time="0.23">
    <error message="org.bouncycastle.jcajce.provider.keystore.bcfks.BcFKSKeyStoreSpi$ExtKeyStoreException: BCFKS KeyStore exception storing private key: java.security.InvalidKeyException: Illegal key size or default parameters" type="java.io.IOException">java.io.IOException: org.bouncycastle.jcajce.provider.keystore.bcfks.BcFKSKeyStoreSpi$ExtKeyStoreException: BCFKS KeyStore exception storing private key: java.security.InvalidKeyException: Illegal key size or default parameters
	at org.apache.zookeeper.common.X509TestContext.getKeyStoreBcfksFile(X509TestContext.java:340)
	at org.apache.zookeeper.common.X509TestContext.getKeyStoreFile(X509TestContext.java:274)
	at org.apache.zookeeper.common.BCFKSFileLoaderTest.testLoadKeyStore(BCFKSFileLoaderTest.java:37)
Caused by: org.bouncycastle.jcajce.provider.keystore.bcfks.BcFKSKeyStoreSpi$ExtKeyStoreException: BCFKS KeyStore exception storing private key: java.security.InvalidKeyException: Illegal key size or default parameters
	at java.security.KeyStore.setKeyEntry(KeyStore.java:1128)
	at org.apache.zookeeper.common.X509TestHelpers.certAndPrivateKeyToBytes(X509TestHelpers.java:415)
	at org.apache.zookeeper.common.X509TestHelpers.certAndPrivateKeyToBCFKSBytes(X509TestHelpers.java:408)
	at org.apache.zookeeper.common.X509TestContext.getKeyStoreBcfksFile(X509TestContext.java:335)
	... 2 more
Caused by: java.security.InvalidKeyException: Illegal key size or default parameters
	at javax.crypto.Cipher.checkCryptoPerm(Cipher.java:1021)
	at javax.crypto.Cipher.init(Cipher.java:1225)
	at javax.crypto.Cipher.init(Cipher.java:1166)
	... 6 more
</error>
    <system-out><![CDATA[2022-03-29 10:47:45,445 [myid:] - INFO  [main:ZKTestCase@77] - STARTING Optional[public void org.apache.zookeeper.common.BCFKSFileLoaderTest.testLoadKeyStore(org.apache.zookeeper.common.X509KeyType,org.apache.zookeeper.common.X509KeyType,java.lang.String,java.lang.Integer) throws java.lang.Exception]
2022-03-29 10:47:45,674 [myid:] - INFO  [main:ZKTestCase@82] - FINISHED Optional[public void org.apache.zookeeper.common.BCFKSFileLoaderTest.testLoadKeyStore(org.apache.zookeeper.common.X509KeyType,org.apache.zookeeper.common.X509KeyType,java.lang.String,java.lang.Integer) throws java.lang.Exception]
]]></system-out>
  </testcase>
  <testcase name="testLoadKeyStore{X509KeyType, X509KeyType, String, Integer}[6]" classname="org.apache.zookeeper.common.BCFKSFileLoaderTest" time="0.221">
    <error message="org.bouncycastle.jcajce.provider.keystore.bcfks.BcFKSKeyStoreSpi$ExtKeyStoreException: BCFKS KeyStore exception storing private key: java.security.InvalidKeyException: Illegal key size or default parameters" type="java.io.IOException">java.io.IOException: org.bouncycastle.jcajce.provider.keystore.bcfks.BcFKSKeyStoreSpi$ExtKeyStoreException: BCFKS KeyStore exception storing private key: java.security.InvalidKeyException: Illegal key size or default parameters
	at org.apache.zookeeper.common.X509TestContext.getKeyStoreBcfksFile(X509TestContext.java:340)
	at org.apache.zookeeper.common.X509TestContext.getKeyStoreFile(X509TestContext.java:274)
	at org.apache.zookeeper.common.BCFKSFileLoaderTest.testLoadKeyStore(BCFKSFileLoaderTest.java:37)
Caused by: org.bouncycastle.jcajce.provider.keystore.bcfks.BcFKSKeyStoreSpi$ExtKeyStoreException: BCFKS KeyStore exception storing private key: java.security.InvalidKeyException: Illegal key size or default parameters
	at java.security.KeyStore.setKeyEntry(KeyStore.java:1128)
	at org.apache.zookeeper.common.X509TestHelpers.certAndPrivateKeyToBytes(X509TestHelpers.java:415)
	at org.apache.zookeeper.common.X509TestHelpers.certAndPrivateKeyToBCFKSBytes(X509TestHelpers.java:408)
	at org.apache.zookeeper.common.X509TestContext.getKeyStoreBcfksFile(X509TestContext.java:335)
	... 2 more
Caused by: java.security.InvalidKeyException: Illegal key size or default parameters
	at javax.crypto.Cipher.checkCryptoPerm(Cipher.java:1021)
	at javax.crypto.Cipher.init(Cipher.java:1225)
	at javax.crypto.Cipher.init(Cipher.java:1166)
	... 6 more
</error>
    <system-out><![CDATA[2022-03-29 10:47:45,676 [myid:] - INFO  [main:ZKTestCase@77] - STARTING Optional[public void org.apache.zookeeper.common.BCFKSFileLoaderTest.testLoadKeyStore(org.apache.zookeeper.common.X509KeyType,org.apache.zookeeper.common.X509KeyType,java.lang.String,java.lang.Integer) throws java.lang.Exception]
2022-03-29 10:47:45,896 [myid:] - INFO  [main:ZKTestCase@82] - FINISHED Optional[public void org.apache.zookeeper.common.BCFKSFileLoaderTest.testLoadKeyStore(org.apache.zookeeper.common.X509KeyType,org.apache.zookeeper.common.X509KeyType,java.lang.String,java.lang.Integer) throws java.lang.Exception]
]]></system-out>
  </testcase>
  <testcase name="testLoadKeyStore{X509KeyType, X509KeyType, String, Integer}[7]" classname="org.apache.zookeeper.common.BCFKSFileLoaderTest" time="0.25">
    <error message="org.bouncycastle.jcajce.provider.keystore.bcfks.BcFKSKeyStoreSpi$ExtKeyStoreException: BCFKS KeyStore exception storing private key: java.security.InvalidKeyException: Illegal key size or default parameters" type="java.io.IOException">java.io.IOException: org.bouncycastle.jcajce.provider.keystore.bcfks.BcFKSKeyStoreSpi$ExtKeyStoreException: BCFKS KeyStore exception storing private key: java.security.InvalidKeyException: Illegal key size or default parameters
	at org.apache.zookeeper.common.X509TestContext.getKeyStoreBcfksFile(X509TestContext.java:340)
	at org.apache.zookeeper.common.X509TestContext.getKeyStoreFile(X509TestContext.java:274)
	at org.apache.zookeeper.common.BCFKSFileLoaderTest.testLoadKeyStore(BCFKSFileLoaderTest.java:37)
Caused by: org.bouncycastle.jcajce.provider.keystore.bcfks.BcFKSKeyStoreSpi$ExtKeyStoreException: BCFKS KeyStore exception storing private key: java.security.InvalidKeyException: Illegal key size or default parameters
	at java.security.KeyStore.setKeyEntry(KeyStore.java:1128)
	at org.apache.zookeeper.common.X509TestHelpers.certAndPrivateKeyToBytes(X509TestHelpers.java:415)
	at org.apache.zookeeper.common.X509TestHelpers.certAndPrivateKeyToBCFKSBytes(X509TestHelpers.java:408)
	at org.apache.zookeeper.common.X509TestContext.getKeyStoreBcfksFile(X509TestContext.java:335)
	... 2 more
Caused by: java.security.InvalidKeyException: Illegal key size or default parameters
	at javax.crypto.Cipher.checkCryptoPerm(Cipher.java:1021)
	at javax.crypto.Cipher.init(Cipher.java:1225)
	at javax.crypto.Cipher.init(Cipher.java:1166)
	... 6 more
</error>
    <system-out><![CDATA[2022-03-29 10:47:45,898 [myid:] - INFO  [main:ZKTestCase@77] - STARTING Optional[public void org.apache.zookeeper.common.BCFKSFileLoaderTest.testLoadKeyStore(org.apache.zookeeper.common.X509KeyType,org.apache.zookeeper.common.X509KeyType,java.lang.String,java.lang.Integer) throws java.lang.Exception]
2022-03-29 10:47:46,147 [myid:] - INFO  [main:ZKTestCase@82] - FINISHED Optional[public void org.apache.zookeeper.common.BCFKSFileLoaderTest.testLoadKeyStore(org.apache.zookeeper.common.X509KeyType,org.apache.zookeeper.common.X509KeyType,java.lang.String,java.lang.Integer) throws java.lang.Exception]
]]></system-out>
  </testcase>
  <testcase name="testLoadKeyStore{X509KeyType, X509KeyType, String, Integer}[8]" classname="org.apache.zookeeper.common.BCFKSFileLoaderTest" time="0.424">
    <error message="org.bouncycastle.jcajce.provider.keystore.bcfks.BcFKSKeyStoreSpi$ExtKeyStoreException: BCFKS KeyStore exception storing private key: java.security.InvalidKeyException: Illegal key size or default parameters" type="java.io.IOException">java.io.IOException: org.bouncycastle.jcajce.provider.keystore.bcfks.BcFKSKeyStoreSpi$ExtKeyStoreException: BCFKS KeyStore exception storing private key: java.security.InvalidKeyException: Illegal key size or default parameters
	at org.apache.zookeeper.common.X509TestContext.getKeyStoreBcfksFile(X509TestContext.java:340)
	at org.apache.zookeeper.common.X509TestContext.getKeyStoreFile(X509TestContext.java:274)
	at org.apache.zookeeper.common.BCFKSFileLoaderTest.testLoadKeyStore(BCFKSFileLoaderTest.java:37)
Caused by: org.bouncycastle.jcajce.provider.keystore.bcfks.BcFKSKeyStoreSpi$ExtKeyStoreException: BCFKS KeyStore exception storing private key: java.security.InvalidKeyException: Illegal key size or default parameters
	at java.security.KeyStore.setKeyEntry(KeyStore.java:1128)
	at org.apache.zookeeper.common.X509TestHelpers.certAndPrivateKeyToBytes(X509TestHelpers.java:415)
	at org.apache.zookeeper.common.X509TestHelpers.certAndPrivateKeyToBCFKSBytes(X509TestHelpers.java:408)
	at org.apache.zookeeper.common.X509TestContext.getKeyStoreBcfksFile(X509TestContext.java:335)
	... 2 more
Caused by: java.security.InvalidKeyException: Illegal key size or default parameters
	at javax.crypto.Cipher.checkCryptoPerm(Cipher.java:1021)
	at javax.crypto.Cipher.init(Cipher.java:1225)
	at javax.crypto.Cipher.init(Cipher.java:1166)
	... 6 more
</error>
    <system-out><![CDATA[2022-03-29 10:47:46,149 [myid:] - INFO  [main:ZKTestCase@77] - STARTING Optional[public void org.apache.zookeeper.common.BCFKSFileLoaderTest.testLoadKeyStore(org.apache.zookeeper.common.X509KeyType,org.apache.zookeeper.common.X509KeyType,java.lang.String,java.lang.Integer) throws java.lang.Exception]
2022-03-29 10:47:46,572 [myid:] - INFO  [main:ZKTestCase@82] - FINISHED Optional[public void org.apache.zookeeper.common.BCFKSFileLoaderTest.testLoadKeyStore(org.apache.zookeeper.common.X509KeyType,org.apache.zookeeper.common.X509KeyType,java.lang.String,java.lang.Integer) throws java.lang.Exception]
]]></system-out>
  </testcase>
  <testcase name="testLoadTrustStore{X509KeyType, X509KeyType, String, Integer}[1]" classname="org.apache.zookeeper.common.BCFKSFileLoaderTest" time="0.397">
    <error message="java.security.InvalidKeyException: Illegal key size or default parameters" type="java.io.IOException">java.io.IOException: java.security.InvalidKeyException: Illegal key size or default parameters
	at java.security.KeyStore.store(KeyStore.java:1365)
	at org.apache.zookeeper.common.X509TestHelpers.certToTrustStoreBytes(X509TestHelpers.java:351)
	at org.apache.zookeeper.common.X509TestHelpers.certToBCFKSTrustStoreBytes(X509TestHelpers.java:343)
	at org.apache.zookeeper.common.X509TestContext.getTrustStoreBcfksFile(X509TestContext.java:223)
	at org.apache.zookeeper.common.X509TestContext.getTrustStoreFile(X509TestContext.java:166)
	at org.apache.zookeeper.common.BCFKSFileLoaderTest.testLoadTrustStore(BCFKSFileLoaderTest.java:115)
</error>
    <system-out><![CDATA[2022-03-29 10:47:46,576 [myid:] - INFO  [main:ZKTestCase@77] - STARTING Optional[public void org.apache.zookeeper.common.BCFKSFileLoaderTest.testLoadTrustStore(org.apache.zookeeper.common.X509KeyType,org.apache.zookeeper.common.X509KeyType,java.lang.String,java.lang.Integer) throws java.lang.Exception]
2022-03-29 10:47:46,972 [myid:] - INFO  [main:ZKTestCase@82] - FINISHED Optional[public void org.apache.zookeeper.common.BCFKSFileLoaderTest.testLoadTrustStore(org.apache.zookeeper.common.X509KeyType,org.apache.zookeeper.common.X509KeyType,java.lang.String,java.lang.Integer) throws java.lang.Exception]
]]></system-out>
  </testcase>
  <testcase name="testLoadTrustStore{X509KeyType, X509KeyType, String, Integer}[2]" classname="org.apache.zookeeper.common.BCFKSFileLoaderTest" time="0.37">
    <error message="java.security.InvalidKeyException: Illegal key size or default parameters" type="java.io.IOException">java.io.IOException: java.security.InvalidKeyException: Illegal key size or default parameters
	at java.security.KeyStore.store(KeyStore.java:1365)
	at org.apache.zookeeper.common.X509TestHelpers.certToTrustStoreBytes(X509TestHelpers.java:351)
	at org.apache.zookeeper.common.X509TestHelpers.certToBCFKSTrustStoreBytes(X509TestHelpers.java:343)
	at org.apache.zookeeper.common.X509TestContext.getTrustStoreBcfksFile(X509TestContext.java:223)
	at org.apache.zookeeper.common.X509TestContext.getTrustStoreFile(X509TestContext.java:166)
	at org.apache.zookeeper.common.BCFKSFileLoaderTest.testLoadTrustStore(BCFKSFileLoaderTest.java:115)
</error>
    <system-out><![CDATA[2022-03-29 10:47:46,974 [myid:] - INFO  [main:ZKTestCase@77] - STARTING Optional[public void org.apache.zookeeper.common.BCFKSFileLoaderTest.testLoadTrustStore(org.apache.zookeeper.common.X509KeyType,org.apache.zookeeper.common.X509KeyType,java.lang.String,java.lang.Integer) throws java.lang.Exception]
2022-03-29 10:47:47,342 [myid:] - INFO  [main:ZKTestCase@82] - FINISHED Optional[public void org.apache.zookeeper.common.BCFKSFileLoaderTest.testLoadTrustStore(org.apache.zookeeper.common.X509KeyType,org.apache.zookeeper.common.X509KeyType,java.lang.String,java.lang.Integer) throws java.lang.Exception]
]]></system-out>
  </testcase>
  <testcase name="testLoadTrustStore{X509KeyType, X509KeyType, String, Integer}[3]" classname="org.apache.zookeeper.common.BCFKSFileLoaderTest" time="0.384">
    <error message="java.security.InvalidKeyException: Illegal key size or default parameters" type="java.io.IOException">java.io.IOException: java.security.InvalidKeyException: Illegal key size or default parameters
	at java.security.KeyStore.store(KeyStore.java:1365)
	at org.apache.zookeeper.common.X509TestHelpers.certToTrustStoreBytes(X509TestHelpers.java:351)
	at org.apache.zookeeper.common.X509TestHelpers.certToBCFKSTrustStoreBytes(X509TestHelpers.java:343)
	at org.apache.zookeeper.common.X509TestContext.getTrustStoreBcfksFile(X509TestContext.java:223)
	at org.apache.zookeeper.common.X509TestContext.getTrustStoreFile(X509TestContext.java:166)
	at org.apache.zookeeper.common.BCFKSFileLoaderTest.testLoadTrustStore(BCFKSFileLoaderTest.java:115)
</error>
    <system-out><![CDATA[2022-03-29 10:47:47,344 [myid:] - INFO  [main:ZKTestCase@77] - STARTING Optional[public void org.apache.zookeeper.common.BCFKSFileLoaderTest.testLoadTrustStore(org.apache.zookeeper.common.X509KeyType,org.apache.zookeeper.common.X509KeyType,java.lang.String,java.lang.Integer) throws java.lang.Exception]
2022-03-29 10:47:47,726 [myid:] - INFO  [main:ZKTestCase@82] - FINISHED Optional[public void org.apache.zookeeper.common.BCFKSFileLoaderTest.testLoadTrustStore(org.apache.zookeeper.common.X509KeyType,org.apache.zookeeper.common.X509KeyType,java.lang.String,java.lang.Integer) throws java.lang.Exception]
]]></system-out>
  </testcase>
  <testcase name="testLoadTrustStore{X509KeyType, X509KeyType, String, Integer}[4]" classname="org.apache.zookeeper.common.BCFKSFileLoaderTest" time="0.281">
    <error message="java.security.InvalidKeyException: Illegal key size or default parameters" type="java.io.IOException">java.io.IOException: java.security.InvalidKeyException: Illegal key size or default parameters
	at java.security.KeyStore.store(KeyStore.java:1365)
	at org.apache.zookeeper.common.X509TestHelpers.certToTrustStoreBytes(X509TestHelpers.java:351)
	at org.apache.zookeeper.common.X509TestHelpers.certToBCFKSTrustStoreBytes(X509TestHelpers.java:343)
	at org.apache.zookeeper.common.X509TestContext.getTrustStoreBcfksFile(X509TestContext.java:223)
	at org.apache.zookeeper.common.X509TestContext.getTrustStoreFile(X509TestContext.java:166)
	at org.apache.zookeeper.common.BCFKSFileLoaderTest.testLoadTrustStore(BCFKSFileLoaderTest.java:115)
</error>
    <system-out><![CDATA[2022-03-29 10:47:47,729 [myid:] - INFO  [main:ZKTestCase@77] - STARTING Optional[public void org.apache.zookeeper.common.BCFKSFileLoaderTest.testLoadTrustStore(org.apache.zookeeper.common.X509KeyType,org.apache.zookeeper.common.X509KeyType,java.lang.String,java.lang.Integer) throws java.lang.Exception]
2022-03-29 10:47:48,004 [myid:] - INFO  [main:ZKTestCase@82] - FINISHED Optional[public void org.apache.zookeeper.common.BCFKSFileLoaderTest.testLoadTrustStore(org.apache.zookeeper.common.X509KeyType,org.apache.zookeeper.common.X509KeyType,java.lang.String,java.lang.Integer) throws java.lang.Exception]
]]></system-out>
  </testcase>
  <testcase name="testLoadTrustStore{X509KeyType, X509KeyType, String, Integer}[5]" classname="org.apache.zookeeper.common.BCFKSFileLoaderTest" time="0.294">
    <error message="java.security.InvalidKeyException: Illegal key size or default parameters" type="java.io.IOException">java.io.IOException: java.security.InvalidKeyException: Illegal key size or default parameters
	at java.security.KeyStore.store(KeyStore.java:1365)
	at org.apache.zookeeper.common.X509TestHelpers.certToTrustStoreBytes(X509TestHelpers.java:351)
	at org.apache.zookeeper.common.X509TestHelpers.certToBCFKSTrustStoreBytes(X509TestHelpers.java:343)
	at org.apache.zookeeper.common.X509TestContext.getTrustStoreBcfksFile(X509TestContext.java:223)
	at org.apache.zookeeper.common.X509TestContext.getTrustStoreFile(X509TestContext.java:166)
	at org.apache.zookeeper.common.BCFKSFileLoaderTest.testLoadTrustStore(BCFKSFileLoaderTest.java:115)
</error>
    <system-out><![CDATA[2022-03-29 10:47:48,009 [myid:] - INFO  [main:ZKTestCase@77] - STARTING Optional[public void org.apache.zookeeper.common.BCFKSFileLoaderTest.testLoadTrustStore(org.apache.zookeeper.common.X509KeyType,org.apache.zookeeper.common.X509KeyType,java.lang.String,java.lang.Integer) throws java.lang.Exception]
2022-03-29 10:47:48,303 [myid:] - INFO  [main:ZKTestCase@82] - FINISHED Optional[public void org.apache.zookeeper.common.BCFKSFileLoaderTest.testLoadTrustStore(org.apache.zookeeper.common.X509KeyType,org.apache.zookeeper.common.X509KeyType,java.lang.String,java.lang.Integer) throws java.lang.Exception]
]]></system-out>
  </testcase>
  <testcase name="testLoadTrustStore{X509KeyType, X509KeyType, String, Integer}[6]" classname="org.apache.zookeeper.common.BCFKSFileLoaderTest" time="0.225">
    <error message="java.security.InvalidKeyException: Illegal key size or default parameters" type="java.io.IOException">java.io.IOException: java.security.InvalidKeyException: Illegal key size or default parameters
	at java.security.KeyStore.store(KeyStore.java:1365)
	at org.apache.zookeeper.common.X509TestHelpers.certToTrustStoreBytes(X509TestHelpers.java:351)
	at org.apache.zookeeper.common.X509TestHelpers.certToBCFKSTrustStoreBytes(X509TestHelpers.java:343)
	at org.apache.zookeeper.common.X509TestContext.getTrustStoreBcfksFile(X509TestContext.java:223)
	at org.apache.zookeeper.common.X509TestContext.getTrustStoreFile(X509TestContext.java:166)
	at org.apache.zookeeper.common.BCFKSFileLoaderTest.testLoadTrustStore(BCFKSFileLoaderTest.java:115)
</error>
    <system-out><![CDATA[2022-03-29 10:47:48,305 [myid:] - INFO  [main:ZKTestCase@77] - STARTING Optional[public void org.apache.zookeeper.common.BCFKSFileLoaderTest.testLoadTrustStore(org.apache.zookeeper.common.X509KeyType,org.apache.zookeeper.common.X509KeyType,java.lang.String,java.lang.Integer) throws java.lang.Exception]
2022-03-29 10:47:48,529 [myid:] - INFO  [main:ZKTestCase@82] - FINISHED Optional[public void org.apache.zookeeper.common.BCFKSFileLoaderTest.testLoadTrustStore(org.apache.zookeeper.common.X509KeyType,org.apache.zookeeper.common.X509KeyType,java.lang.String,java.lang.Integer) throws java.lang.Exception]
]]></system-out>
  </testcase>
  <testcase name="testLoadTrustStore{X509KeyType, X509KeyType, String, Integer}[7]" classname="org.apache.zookeeper.common.BCFKSFileLoaderTest" time="0.296">
    <error message="java.security.InvalidKeyException: Illegal key size or default parameters" type="java.io.IOException">java.io.IOException: java.security.InvalidKeyException: Illegal key size or default parameters
	at java.security.KeyStore.store(KeyStore.java:1365)
	at org.apache.zookeeper.common.X509TestHelpers.certToTrustStoreBytes(X509TestHelpers.java:351)
	at org.apache.zookeeper.common.X509TestHelpers.certToBCFKSTrustStoreBytes(X509TestHelpers.java:343)
	at org.apache.zookeeper.common.X509TestContext.getTrustStoreBcfksFile(X509TestContext.java:223)
	at org.apache.zookeeper.common.X509TestContext.getTrustStoreFile(X509TestContext.java:166)
	at org.apache.zookeeper.common.BCFKSFileLoaderTest.testLoadTrustStore(BCFKSFileLoaderTest.java:115)
</error>
    <system-out><![CDATA[2022-03-29 10:47:48,531 [myid:] - INFO  [main:ZKTestCase@77] - STARTING Optional[public void org.apache.zookeeper.common.BCFKSFileLoaderTest.testLoadTrustStore(org.apache.zookeeper.common.X509KeyType,org.apache.zookeeper.common.X509KeyType,java.lang.String,java.lang.Integer) throws java.lang.Exception]
2022-03-29 10:47:48,827 [myid:] - INFO  [main:ZKTestCase@82] - FINISHED Optional[public void org.apache.zookeeper.common.BCFKSFileLoaderTest.testLoadTrustStore(org.apache.zookeeper.common.X509KeyType,org.apache.zookeeper.common.X509KeyType,java.lang.String,java.lang.Integer) throws java.lang.Exception]
]]></system-out>
  </testcase>
  <testcase name="testLoadTrustStore{X509KeyType, X509KeyType, String, Integer}[8]" classname="org.apache.zookeeper.common.BCFKSFileLoaderTest" time="0.237">
    <error message="java.security.InvalidKeyException: Illegal key size or default parameters" type="java.io.IOException">java.io.IOException: java.security.InvalidKeyException: Illegal key size or default parameters
	at java.security.KeyStore.store(KeyStore.java:1365)
	at org.apache.zookeeper.common.X509TestHelpers.certToTrustStoreBytes(X509TestHelpers.java:351)
	at org.apache.zookeeper.common.X509TestHelpers.certToBCFKSTrustStoreBytes(X509TestHelpers.java:343)
	at org.apache.zookeeper.common.X509TestContext.getTrustStoreBcfksFile(X509TestContext.java:223)
	at org.apache.zookeeper.common.X509TestContext.getTrustStoreFile(X509TestContext.java:166)
	at org.apache.zookeeper.common.BCFKSFileLoaderTest.testLoadTrustStore(BCFKSFileLoaderTest.java:115)
</error>
    <system-out><![CDATA[2022-03-29 10:47:48,829 [myid:] - INFO  [main:ZKTestCase@77] - STARTING Optional[public void org.apache.zookeeper.common.BCFKSFileLoaderTest.testLoadTrustStore(org.apache.zookeeper.common.X509KeyType,org.apache.zookeeper.common.X509KeyType,java.lang.String,java.lang.Integer) throws java.lang.Exception]
2022-03-29 10:47:49,064 [myid:] - INFO  [main:ZKTestCase@82] - FINISHED Optional[public void org.apache.zookeeper.common.BCFKSFileLoaderTest.testLoadTrustStore(org.apache.zookeeper.common.X509KeyType,org.apache.zookeeper.common.X509KeyType,java.lang.String,java.lang.Integer) throws java.lang.Exception]
]]></system-out>
  </testcase>
  <testcase name="testLoadTrustStoreWithNullFilePath{X509KeyType, X509KeyType, String, Integer}[1]" classname="org.apache.zookeeper.common.BCFKSFileLoaderTest" time="0.003"/>
  <testcase name="testLoadTrustStoreWithNullFilePath{X509KeyType, X509KeyType, String, Integer}[2]" classname="org.apache.zookeeper.common.BCFKSFileLoaderTest" time="0.001"/>
  <testcase name="testLoadTrustStoreWithNullFilePath{X509KeyType, X509KeyType, String, Integer}[3]" classname="org.apache.zookeeper.common.BCFKSFileLoaderTest" time="0.002"/>
  <testcase name="testLoadTrustStoreWithNullFilePath{X509KeyType, X509KeyType, String, Integer}[4]" classname="org.apache.zookeeper.common.BCFKSFileLoaderTest" time="0.003"/>
  <testcase name="testLoadTrustStoreWithNullFilePath{X509KeyType, X509KeyType, String, Integer}[5]" classname="org.apache.zookeeper.common.BCFKSFileLoaderTest" time="0.002"/>
  <testcase name="testLoadTrustStoreWithNullFilePath{X509KeyType, X509KeyType, String, Integer}[6]" classname="org.apache.zookeeper.common.BCFKSFileLoaderTest" time="0.003"/>
  <testcase name="testLoadTrustStoreWithNullFilePath{X509KeyType, X509KeyType, String, Integer}[7]" classname="org.apache.zookeeper.common.BCFKSFileLoaderTest" time="0.002"/>
  <testcase name="testLoadTrustStoreWithNullFilePath{X509KeyType, X509KeyType, String, Integer}[8]" classname="org.apache.zookeeper.common.BCFKSFileLoaderTest" time="0.002"/>
  <testcase name="testLoadTrustStoreWithWrongFilePath{X509KeyType, X509KeyType, String, Integer}[1]" classname="org.apache.zookeeper.common.BCFKSFileLoaderTest" time="0.358"/>
  <testcase name="testLoadTrustStoreWithWrongFilePath{X509KeyType, X509KeyType, String, Integer}[2]" classname="org.apache.zookeeper.common.BCFKSFileLoaderTest" time="0.344"/>
  <testcase name="testLoadTrustStoreWithWrongFilePath{X509KeyType, X509KeyType, String, Integer}[3]" classname="org.apache.zookeeper.common.BCFKSFileLoaderTest" time="0.354"/>
  <testcase name="testLoadTrustStoreWithWrongFilePath{X509KeyType, X509KeyType, String, Integer}[4]" classname="org.apache.zookeeper.common.BCFKSFileLoaderTest" time="0.428"/>
  <testcase name="testLoadTrustStoreWithWrongFilePath{X509KeyType, X509KeyType, String, Integer}[5]" classname="org.apache.zookeeper.common.BCFKSFileLoaderTest" time="0.389"/>
  <testcase name="testLoadTrustStoreWithWrongFilePath{X509KeyType, X509KeyType, String, Integer}[6]" classname="org.apache.zookeeper.common.BCFKSFileLoaderTest" time="0.35"/>
  <testcase name="testLoadTrustStoreWithWrongFilePath{X509KeyType, X509KeyType, String, Integer}[7]" classname="org.apache.zookeeper.common.BCFKSFileLoaderTest" time="0.259"/>
  <testcase name="testLoadTrustStoreWithWrongFilePath{X509KeyType, X509KeyType, String, Integer}[8]" classname="org.apache.zookeeper.common.BCFKSFileLoaderTest" time="0.342"/>
  <testcase name="testLoadTrustStoreWithWrongFileType{X509KeyType, X509KeyType, String, Integer}[1]" classname="org.apache.zookeeper.common.BCFKSFileLoaderTest" time="0.004"/>
  <testcase name="testLoadTrustStoreWithWrongFileType{X509KeyType, X509KeyType, String, Integer}[2]" classname="org.apache.zookeeper.common.BCFKSFileLoaderTest" time="0.004"/>
  <testcase name="testLoadTrustStoreWithWrongFileType{X509KeyType, X509KeyType, String, Integer}[3]" classname="org.apache.zookeeper.common.BCFKSFileLoaderTest" time="0.003"/>
  <testcase name="testLoadTrustStoreWithWrongFileType{X509KeyType, X509KeyType, String, Integer}[4]" classname="org.apache.zookeeper.common.BCFKSFileLoaderTest" time="0.003"/>
  <testcase name="testLoadTrustStoreWithWrongFileType{X509KeyType, X509KeyType, String, Integer}[5]" classname="org.apache.zookeeper.common.BCFKSFileLoaderTest" time="0.003"/>
  <testcase name="testLoadTrustStoreWithWrongFileType{X509KeyType, X509KeyType, String, Integer}[6]" classname="org.apache.zookeeper.common.BCFKSFileLoaderTest" time="0.003"/>
  <testcase name="testLoadTrustStoreWithWrongFileType{X509KeyType, X509KeyType, String, Integer}[7]" classname="org.apache.zookeeper.common.BCFKSFileLoaderTest" time="0.002"/>
  <testcase name="testLoadTrustStoreWithWrongFileType{X509KeyType, X509KeyType, String, Integer}[8]" classname="org.apache.zookeeper.common.BCFKSFileLoaderTest" time="0.004"/>
  <testcase name="testLoadKeyStoreWithWrongPassword{X509KeyType, X509KeyType, String, Integer}[1]" classname="org.apache.zookeeper.common.BCFKSFileLoaderTest" time="0.241"/>
  <testcase name="testLoadKeyStoreWithWrongPassword{X509KeyType, X509KeyType, String, Integer}[2]" classname="org.apache.zookeeper.common.BCFKSFileLoaderTest" time="0.254"/>
  <testcase name="testLoadKeyStoreWithWrongPassword{X509KeyType, X509KeyType, String, Integer}[3]" classname="org.apache.zookeeper.common.BCFKSFileLoaderTest" time="0.266"/>
  <testcase name="testLoadKeyStoreWithWrongPassword{X509KeyType, X509KeyType, String, Integer}[4]" classname="org.apache.zookeeper.common.BCFKSFileLoaderTest" time="0.27"/>
  <testcase name="testLoadKeyStoreWithWrongPassword{X509KeyType, X509KeyType, String, Integer}[5]" classname="org.apache.zookeeper.common.BCFKSFileLoaderTest" time="0.238"/>
  <testcase name="testLoadKeyStoreWithWrongPassword{X509KeyType, X509KeyType, String, Integer}[6]" classname="org.apache.zookeeper.common.BCFKSFileLoaderTest" time="0.29"/>
  <testcase name="testLoadKeyStoreWithWrongPassword{X509KeyType, X509KeyType, String, Integer}[7]" classname="org.apache.zookeeper.common.BCFKSFileLoaderTest" time="0.226"/>
  <testcase name="testLoadKeyStoreWithWrongPassword{X509KeyType, X509KeyType, String, Integer}[8]" classname="org.apache.zookeeper.common.BCFKSFileLoaderTest" time="0.221"/>
  <testcase name="testLoadTrustStoreWithWrongPassword{X509KeyType, X509KeyType, String, Integer}[1]" classname="org.apache.zookeeper.common.BCFKSFileLoaderTest" time="0.262"/>
  <testcase name="testLoadTrustStoreWithWrongPassword{X509KeyType, X509KeyType, String, Integer}[2]" classname="org.apache.zookeeper.common.BCFKSFileLoaderTest" time="0.448"/>
  <testcase name="testLoadTrustStoreWithWrongPassword{X509KeyType, X509KeyType, String, Integer}[3]" classname="org.apache.zookeeper.common.BCFKSFileLoaderTest" time="0.594"/>
  <testcase name="testLoadTrustStoreWithWrongPassword{X509KeyType, X509KeyType, String, Integer}[4]" classname="org.apache.zookeeper.common.BCFKSFileLoaderTest" time="0.576"/>
  <testcase name="testLoadTrustStoreWithWrongPassword{X509KeyType, X509KeyType, String, Integer}[5]" classname="org.apache.zookeeper.common.BCFKSFileLoaderTest" time="0.654"/>
  <testcase name="testLoadTrustStoreWithWrongPassword{X509KeyType, X509KeyType, String, Integer}[6]" classname="org.apache.zookeeper.common.BCFKSFileLoaderTest" time="0.454"/>
  <testcase name="testLoadTrustStoreWithWrongPassword{X509KeyType, X509KeyType, String, Integer}[7]" classname="org.apache.zookeeper.common.BCFKSFileLoaderTest" time="0.385"/>
  <testcase name="testLoadTrustStoreWithWrongPassword{X509KeyType, X509KeyType, String, Integer}[8]" classname="org.apache.zookeeper.common.BCFKSFileLoaderTest" time="0.537"/>
</testsuite>